<?xml version="1.0" encoding="UTF-8"?>
<robot generator="Robot 6.0.1 (Python 3.11.1 on win32)" generated="20221219 14:33:23.582" rpa="false" schemaversion="3">
<suite id="s1" name="First Test" source="C:\Users\surya\PycharmProjects\RobotFramework\first_test.robot">
<test id="s1-t1" name="Basic Test Case" line="11">
<kw name="Log" library="BuiltIn">
<arg>Basic Test case</arg>
<doc>Logs the given message with the given level.</doc>
<msg timestamp="20221219 14:33:23.717" level="INFO">Basic Test case</msg>
<status status="PASS" starttime="20221219 14:33:23.717" endtime="20221219 14:33:23.717"/>
</kw>
<status status="PASS" starttime="20221219 14:33:23.717" endtime="20221219 14:33:23.717"/>
</test>
<status status="PASS" starttime="20221219 14:33:23.582" endtime="20221219 14:33:23.717"/>
</suite>
<statistics>
<total>
<stat pass="1" fail="0" skip="0">All Tests</stat>
</total>
<tag>
</tag>
<suite>
<stat pass="1" fail="0" skip="0" id="s1" name="First Test">First Test</stat>
</suite>
</statistics>
<errors>
</errors>
</robot>
