<?xml version="1.0" encoding="UTF-8"?>
<robot generator="Robot 5.0.1 (Python 3.10.6 on win32)" generated="20220819 16:24:21.147" rpa="false" schemaversion="3">
<suite id="s1" name="BITestSuite" source="C:\Users\surya\PycharmProjects\RobotFramework\tests\BITestSuite.robot">
<test id="s1-t1" name="Validate Tiles Home Page" line="36">
<kw name="Log On To Syncada Potal and Navigate To Tiles Page" library="resource" type="SETUP">
<arg>regb21</arg>
<arg>tester123</arg>
<arg>1</arg>
<kw name="Open Browser" library="SeleniumLibrary">
<arg>${URL.${env}}</arg>
<arg>${BROWSER}</arg>
<doc>Opens a new browser instance to the optional ``url``.</doc>
<msg timestamp="20220819 16:24:22.554" level="INFO">Opening browser 'Chrome' to base url 'https://portal.syncada.com/USBank/Login.aspx'.</msg>
<status status="PASS" starttime="20220819 16:24:22.551" endtime="20220819 16:25:06.493"/>
</kw>
<kw name="Set Selenium Implicit Wait" library="SeleniumLibrary">
<arg>20 seconds</arg>
<doc>Sets the implicit wait value used by Selenium.</doc>
<status status="PASS" starttime="20220819 16:25:06.498" endtime="20220819 16:25:06.519"/>
</kw>
<kw name="Maximize Browser Window" library="SeleniumLibrary">
<doc>Maximizes current browser window.</doc>
<status status="PASS" starttime="20220819 16:25:06.520" endtime="20220819 16:25:07.016"/>
</kw>
<kw name="Sleep" library="BuiltIn">
<arg>${DELAY}</arg>
<doc>Pauses the test executed for the given time.</doc>
<msg timestamp="20220819 16:25:17.034" level="INFO">Slept 10 seconds</msg>
<status status="PASS" starttime="20220819 16:25:07.016" endtime="20220819 16:25:17.035"/>
</kw>
<kw name="Title Should Be" library="SeleniumLibrary">
<arg>Log In - U.S. Bank Freight Payment</arg>
<doc>Verifies that the current page title equals ``title``.</doc>
<msg timestamp="20220819 16:25:17.060" level="INFO">Page title is 'Log In - U.S. Bank Freight Payment'.</msg>
<status status="PASS" starttime="20220819 16:25:17.036" endtime="20220819 16:25:17.060"/>
</kw>
<kw name="Input Text" library="SeleniumLibrary">
<arg>id:txtUserID</arg>
<arg>${USERNAME}</arg>
<doc>Types the given ``text`` into the text field identified by ``locator``.</doc>
<msg timestamp="20220819 16:25:17.116" level="INFO">Typing text 'regb21' into text field 'id:txtUserID'.</msg>
<status status="PASS" starttime="20220819 16:25:17.061" endtime="20220819 16:25:17.713"/>
</kw>
<kw name="Input Text" library="SeleniumLibrary">
<arg>id:txtPassword</arg>
<arg>${PASSWORD}</arg>
<doc>Types the given ``text`` into the text field identified by ``locator``.</doc>
<msg timestamp="20220819 16:25:17.714" level="INFO">Typing text 'tester123' into text field 'id:txtPassword'.</msg>
<status status="PASS" starttime="20220819 16:25:17.713" endtime="20220819 16:25:18.527"/>
</kw>
<kw name="Click Button" library="SeleniumLibrary">
<arg>id:Main_btnContinue</arg>
<doc>Clicks the button identified by ``locator``.</doc>
<msg timestamp="20220819 16:25:18.530" level="INFO">Clicking button 'id:Main_btnContinue'.</msg>
<status status="PASS" starttime="20220819 16:25:18.528" endtime="20220819 16:25:23.719"/>
</kw>
<kw name="Sleep" library="BuiltIn">
<arg>${DELAY}</arg>
<doc>Pauses the test executed for the given time.</doc>
<msg timestamp="20220819 16:25:33.833" level="INFO">Slept 10 seconds</msg>
<status status="PASS" starttime="20220819 16:25:23.719" endtime="20220819 16:25:33.834"/>
</kw>
<kw name="Input Text" library="SeleniumLibrary">
<arg>id:txtSecurityQuestionAnswer</arg>
<arg>${SECURITY ANSWER}</arg>
<doc>Types the given ``text`` into the text field identified by ``locator``.</doc>
<msg timestamp="20220819 16:25:33.836" level="INFO">Typing text '1' into text field 'id:txtSecurityQuestionAnswer'.</msg>
<status status="PASS" starttime="20220819 16:25:33.834" endtime="20220819 16:25:34.717"/>
</kw>
<kw name="Click Button" library="SeleniumLibrary">
<arg>id:Main_btnLogIn</arg>
<doc>Clicks the button identified by ``locator``.</doc>
<msg timestamp="20220819 16:25:34.719" level="INFO">Clicking button 'id:Main_btnLogIn'.</msg>
<status status="PASS" starttime="20220819 16:25:34.718" endtime="20220819 16:25:54.782"/>
</kw>
<kw name="Sleep" library="BuiltIn">
<arg>${DELAY}</arg>
<doc>Pauses the test executed for the given time.</doc>
<msg timestamp="20220819 16:26:04.789" level="INFO">Slept 10 seconds</msg>
<status status="PASS" starttime="20220819 16:25:54.782" endtime="20220819 16:26:04.790"/>
</kw>
<kw name="Location Should Be" library="SeleniumLibrary">
<arg>${HOME PAGE URL}</arg>
<doc>Verifies that the current URL is exactly ``url``.</doc>
<msg timestamp="20220819 16:26:04.805" level="INFO">Current location is 'https://portal.syncada.com/USBank/Home.aspx'.</msg>
<status status="PASS" starttime="20220819 16:26:04.790" endtime="20220819 16:26:04.805"/>
</kw>
<kw name="Title Should Be" library="SeleniumLibrary">
<arg>Home - U.S. Bank Freight Payment</arg>
<doc>Verifies that the current page title equals ``title``.</doc>
<msg timestamp="20220819 16:26:04.813" level="INFO">Page title is 'Home - U.S. Bank Freight Payment'.</msg>
<status status="PASS" starttime="20220819 16:26:04.805" endtime="20220819 16:26:04.813"/>
</kw>
<kw name="Set Selenium Speed" library="SeleniumLibrary">
<arg>${DELAY}</arg>
<doc>Sets the delay that is waited after each Selenium command.</doc>
<status status="PASS" starttime="20220819 16:26:04.814" endtime="20220819 16:26:04.815"/>
</kw>
<kw name="Click Element" library="SeleniumLibrary">
<arg>xpath: //a[text()="Tableau Data Analytics (new)"]</arg>
<doc>Click the element identified by ``locator``.</doc>
<msg timestamp="20220819 16:26:04.819" level="INFO">Clicking element 'xpath: //a[text()="Tableau Data Analytics (new)"]'.</msg>
<status status="PASS" starttime="20220819 16:26:04.816" endtime="20220819 16:26:25.813"/>
</kw>
<kw name="Switch Window" library="SeleniumLibrary">
<arg>new</arg>
<doc>Switches to browser window matching ``locator``.</doc>
<status status="PASS" starttime="20220819 16:26:25.816" endtime="20220819 16:27:06.160"/>
</kw>
<kw name="Sleep" library="BuiltIn">
<arg>${DELAY}</arg>
<doc>Pauses the test executed for the given time.</doc>
<msg timestamp="20220819 16:27:16.169" level="INFO">Slept 10 seconds</msg>
<status status="PASS" starttime="20220819 16:27:06.161" endtime="20220819 16:27:16.169"/>
</kw>
<kw name="Title Should Be" library="SeleniumLibrary">
<arg>Data Analytics</arg>
<doc>Verifies that the current page title equals ``title``.</doc>
<msg timestamp="20220819 16:27:26.258" level="INFO">Page title is 'Data Analytics'.</msg>
<status status="PASS" starttime="20220819 16:27:16.170" endtime="20220819 16:27:26.262"/>
</kw>
<status status="PASS" starttime="20220819 16:24:22.550" endtime="20220819 16:27:26.273"/>
</kw>
<kw name="Wait Until Element Is Located In The Page" library="resource">
<arg>${Total_Spend_Shipments_Xpath}</arg>
<kw name="Wait Until Element Is Visible" library="SeleniumLibrary">
<arg>${element}</arg>
<doc>Waits until the element ``locator`` is visible.</doc>
<status status="PASS" starttime="20220819 16:27:26.313" endtime="20220819 16:27:46.426"/>
</kw>
<status status="PASS" starttime="20220819 16:27:26.304" endtime="20220819 16:27:46.426"/>
</kw>
<kw name="Validate Tiles Home Page" library="resource">
<kw name="Sleep" library="BuiltIn">
<arg>${DELAY1}</arg>
<doc>Pauses the test executed for the given time.</doc>
<msg timestamp="20220819 16:28:46.444" level="INFO">Slept 1 minute</msg>
<status status="PASS" starttime="20220819 16:27:46.434" endtime="20220819 16:28:46.444"/>
</kw>
<kw name="Wait Until Element Is Located In The Page" library="resource">
<arg>${Total_Spend_Shipments_Xpath}</arg>
<kw name="Wait Until Element Is Visible" library="SeleniumLibrary">
<arg>${element}</arg>
<doc>Waits until the element ``locator`` is visible.</doc>
<status status="PASS" starttime="20220819 16:28:46.444" endtime="20220819 16:29:06.514"/>
</kw>
<status status="PASS" starttime="20220819 16:28:46.444" endtime="20220819 16:29:06.514"/>
</kw>
<kw name="Element Text Should Be" library="SeleniumLibrary">
<arg>${Total_Spend_Shipments_Xpath}</arg>
<arg>${Total_Spend_Shipments_Value}</arg>
<doc>Verifies that element ``locator`` contains exact the text ``expected``.</doc>
<msg timestamp="20220819 16:29:06.514" level="INFO">Verifying element 'xpath://span[contains(text(),'Total Spend &amp; Shipments')]' contains exact text 'Total Spend &amp; Shipments'.</msg>
<status status="PASS" starttime="20220819 16:29:06.514" endtime="20220819 16:29:26.593"/>
</kw>
<kw name="Capture Page Screenshot" library="SeleniumLibrary">
<arg>${OUTPUTDIR}/Tiles.png</arg>
<doc>Takes a screenshot of the current page and embeds it into a log file.</doc>
<msg timestamp="20220819 16:29:39.568" level="INFO" html="true">&lt;/td&gt;&lt;/tr&gt;&lt;tr&gt;&lt;td colspan="3"&gt;&lt;a href="UserssuryaAppDataLocalProgramsPythonPython310ScriptsScreen%20Shots/Tiles.png"&gt;&lt;img src="UserssuryaAppDataLocalProgramsPythonPython310ScriptsScreen%20Shots/Tiles.png" width="800px"&gt;&lt;/a&gt;</msg>
<status status="PASS" starttime="20220819 16:29:26.600" endtime="20220819 16:29:39.568"/>
</kw>
<kw name="Click Element" library="SeleniumLibrary">
<arg>${Total_Spend_Shipments_Xpath}</arg>
<doc>Click the element identified by ``locator``.</doc>
<msg timestamp="20220819 16:29:39.568" level="INFO">Clicking element 'xpath://span[contains(text(),'Total Spend &amp; Shipments')]'.</msg>
<status status="PASS" starttime="20220819 16:29:39.568" endtime="20220819 16:30:04.438"/>
</kw>
<kw name="Switch Window" library="SeleniumLibrary">
<arg>new</arg>
<doc>Switches to browser window matching ``locator``.</doc>
<status status="PASS" starttime="20220819 16:30:04.449" endtime="20220819 16:30:45.903"/>
</kw>
<kw name="Sleep" library="BuiltIn">
<arg>${DELAY}</arg>
<doc>Pauses the test executed for the given time.</doc>
<msg timestamp="20220819 16:30:55.959" level="INFO">Slept 10 seconds</msg>
<status status="PASS" starttime="20220819 16:30:45.917" endtime="20220819 16:30:55.960"/>
</kw>
<kw name="Title Should Be" library="SeleniumLibrary">
<arg>Total Spend &amp; Shipments</arg>
<doc>Verifies that the current page title equals ``title``.</doc>
<msg timestamp="20220819 16:31:06.112" level="INFO">Page title is 'Total Spend &amp; Shipments'.</msg>
<status status="PASS" starttime="20220819 16:30:55.962" endtime="20220819 16:31:06.114"/>
</kw>
<kw name="Capture Page Screenshot" library="SeleniumLibrary">
<arg>${OUTPUTDIR}/Total Spend &amp; Shipments.png</arg>
<doc>Takes a screenshot of the current page and embeds it into a log file.</doc>
<msg timestamp="20220819 16:31:19.007" level="INFO" html="true">&lt;/td&gt;&lt;/tr&gt;&lt;tr&gt;&lt;td colspan="3"&gt;&lt;a href="UserssuryaAppDataLocalProgramsPythonPython310ScriptsScreen%20Shots/Total%20Spend%20%26%20Shipments.png"&gt;&lt;img src="UserssuryaAppDataLocalProgramsPythonPython310ScriptsScreen%20Shots/Total%20Spend%20%26%20Shipments.png" width="800px"&gt;&lt;/a&gt;</msg>
<status status="PASS" starttime="20220819 16:31:06.119" endtime="20220819 16:31:19.009"/>
</kw>
<status status="PASS" starttime="20220819 16:27:46.433" endtime="20220819 16:31:19.015"/>
</kw>
<kw name="Close Browser" library="SeleniumLibrary" type="TEARDOWN">
<doc>Closes the current browser.</doc>
<status status="PASS" starttime="20220819 16:31:19.201" endtime="20220819 16:31:36.088"/>
</kw>
<status status="PASS" starttime="20220819 16:24:22.546" endtime="20220819 16:31:36.089"/>
</test>
<doc>A test suite with a single test for valid login.

This test has a workflow that is created using keywords in
the imported resource file.</doc>
<status status="PASS" starttime="20220819 16:24:21.158" endtime="20220819 16:31:36.109"/>
</suite>
<statistics>
<total>
<stat pass="1" fail="0" skip="0">All Tests</stat>
</total>
<tag>
</tag>
<suite>
<stat pass="1" fail="0" skip="0" id="s1" name="BITestSuite">BITestSuite</stat>
</suite>
</statistics>
<errors>
</errors>
</robot>
